[debug] [2023-11-30T19:36:54.967Z] ----------------------------------------------------------------------
[debug] [2023-11-30T19:36:54.968Z] Command:       C:\Program Files\nodejs\node.exe C:\Users\victor.ribeiro\AppData\Roaming\npm\node_modules\firebase-tools\lib\bin\firebase.js init hosting
[debug] [2023-11-30T19:36:54.969Z] CLI Version:   12.9.1
[debug] [2023-11-30T19:36:54.969Z] Platform:      win32
[debug] [2023-11-30T19:36:54.969Z] Node Version:  v16.14.2
[debug] [2023-11-30T19:36:54.970Z] Time:          Thu Nov 30 2023 16:36:54 GMT-0300 (Horário Padrão de Brasília)
[debug] [2023-11-30T19:36:54.970Z] ----------------------------------------------------------------------
[debug] 
[debug] [2023-11-30T19:36:55.027Z] > command requires scopes: ["email","openid","https://www.googleapis.com/auth/cloudplatformprojects.readonly","https://www.googleapis.com/auth/firebase","https://www.googleapis.com/auth/cloud-platform"]
[debug] [2023-11-30T19:36:55.028Z] > authorizing via signed-in user (victorribeiro405@gmail.com)
[info] 
     ######## #### ########  ######## ########     ###     ######  ########
     ##        ##  ##     ## ##       ##     ##  ##   ##  ##       ##
     ######    ##  ########  ######   ########  #########  ######  ######
     ##        ##  ##    ##  ##       ##     ## ##     ##       ## ##
     ##       #### ##     ## ######## ########  ##     ##  ######  ########

You're about to initialize a Firebase project in this directory:

  C:\dev\Desafios\Finance

Before we get started, keep in mind:

  * You are currently outside your home directory
  * You are initializing within an existing Firebase project directory

[info] 
=== Project Setup
[info] 
[info] First, let's associate this project directory with a Firebase project.
[info] You can create multiple project aliases by running firebase use --add, 
[info] but for now we'll just set up a default project.
[info] 
[debug] [2023-11-30T19:36:55.047Z] Using project from CLI flag: fy-nances
[debug] [2023-11-30T19:36:55.050Z] > refreshing access token with scopes: []
[debug] [2023-11-30T19:36:55.053Z] >>> [apiv2][query] POST https://www.googleapis.com/oauth2/v3/token [none]
[debug] [2023-11-30T19:36:55.053Z] >>> [apiv2][body] POST https://www.googleapis.com/oauth2/v3/token [omitted]
[debug] [2023-11-30T19:36:55.300Z] <<< [apiv2][status] POST https://www.googleapis.com/oauth2/v3/token 200
[debug] [2023-11-30T19:36:55.300Z] <<< [apiv2][body] POST https://www.googleapis.com/oauth2/v3/token [omitted]
[debug] [2023-11-30T19:36:55.311Z] >>> [apiv2][query] GET https://firebase.googleapis.com/v1beta1/projects/fy-nances [none]
[debug] [2023-11-30T19:36:55.923Z] <<< [apiv2][status] GET https://firebase.googleapis.com/v1beta1/projects/fy-nances 200
[debug] [2023-11-30T19:36:55.923Z] <<< [apiv2][body] GET https://firebase.googleapis.com/v1beta1/projects/fy-nances {"projectId":"fy-nances","projectNumber":"617745917017","displayName":"fy-nances","name":"projects/fy-nances","resources":{"hostingSite":"fy-nances","realtimeDatabaseInstance":"fy-nances-default-rtdb"},"state":"ACTIVE","etag":"1_f6b5ad4d-dceb-402f-9a41-0e5966d434de"}
[info] i  Using project fy-nances (fy-nances) 
[info] 
=== Hosting Setup
[debug] [2023-11-30T19:36:55.931Z] >>> [apiv2][query] GET https://firebase.googleapis.com/v1beta1/projects/fy-nances [none]
[debug] [2023-11-30T19:36:56.365Z] <<< [apiv2][status] GET https://firebase.googleapis.com/v1beta1/projects/fy-nances 200
[debug] [2023-11-30T19:36:56.365Z] <<< [apiv2][body] GET https://firebase.googleapis.com/v1beta1/projects/fy-nances {"projectId":"fy-nances","projectNumber":"617745917017","displayName":"fy-nances","name":"projects/fy-nances","resources":{"hostingSite":"fy-nances","realtimeDatabaseInstance":"fy-nances-default-rtdb"},"state":"ACTIVE","etag":"1_f6b5ad4d-dceb-402f-9a41-0e5966d434de"}
[info] 
[info] Your public directory is the folder (relative to your project directory) that
[info] will contain Hosting assets to be uploaded with firebase deploy. If you
[info] have a build process for your assets, use your build's output directory.
[info] 
